8F0A: N48F03
0002: 0
00003: 0402
0005: N48000
00007: 1
0008: 108
00A: 0BCF
000C: 6B4A
000E: FFBE
FFBE: 8DC4
8DC4: 80
8DC7:48F6C
8F6C:50
8F6F: 31
8F71: 30
8F73: Z0
8F75:300001
8F79:
08DCA:A BEEA
8EEA: 146F42
8EEE: C131
8EF: Z48EF
8EF5:48F03
8F03: 3
8F05: 2
8F07: 392
8F0A: N48F03
8F0C:
8EF8: 3408
8EFB: Z48F01
8EFD: 3404
8F00: Z
8DCD: 31C
8DCF: 410
8DD2: 4A0
8DD5:48ED8
8E08: 16BAA
8E0C:0348676
8E10: 31
8E12:
8DD8:48F7F
8F7F: 048001
8F83:1 2
8F85:49118
09118: 3
0911A: 1468D3
911E:4062C
0062C: 0C3
0062E:1 020
00630: 0
00631:
09121:40668
00668:1 007340630
00630: 0
00631:
09124: 3
09126:
8F88: C0
8F8B: D4
8F8E:EDC
08F91: EFFF
8FFF: 1468C7
09003: 31C
09005: 2
09007:4902A
0902A4: 468C7
902E:01
09030: 020
09033: 006
09036: 0
09038:
900A:040A80
900E:010A
09011: 1C
09013:1 409
9016:1 59027
09027: 016E
016E:6968
00170: 2
00171:240008
00173:492
00175: 017A
00176:618
00178:492340175
00175: 017A
017A:492
0017C: 4
0017D: C
017E: 61
017F: 017C
0017C: 4
0017D: C
8F94:02468D8
08F98:1 441B
8F9B:49016
9016:1 59027
09027: 016E
016E:6968


